Streaming transaction logs mentioning 2iRQihnzqfcpDnJUKKxZjU6MixjcMkH462BDrC13Kyyp. Confirmed commitment
Transaction executed in slot 368012695:
  Signature: 3KRWGsf9Xmgy5mYKQWeutU3VCnQ4st8Tt4PrXHDBUKqdrdzZh5Phd2RbcnQL8VVJNqBBC17hxxd9mNXH4tn9QhTL
  Status: Ok
  Log Messages:
    Program 2iRQihnzqfcpDnJUKKxZjU6MixjcMkH462BDrC13Kyyp invoke [1]
    Program log: Instruction: CreateToken
    Program 11111111111111111111111111111111 invoke [2]
    Program 11111111111111111111111111111111 success
    Program TokenkegQfeZyiNwAJbNbGKPFXCWuBvf9Ss623VQ5DA invoke [2]
    Program log: Instruction: InitializeMint2
    Program TokenkegQfeZyiNwAJbNbGKPFXCWuBvf9Ss623VQ5DA consumed 2828 of 191490 compute units
    Program TokenkegQfeZyiNwAJbNbGKPFXCWuBvf9Ss623VQ5DA success
    Program log: Creating metadata account
    Program metaqbxxUerdq28cj1RbAWkYQm3ybzjb6a8bt518x1s invoke [2]
    Program log: IX: Create Metadata Accounts v3
    Program 11111111111111111111111111111111 invoke [3]
    Program 11111111111111111111111111111111 success
    Program log: Allocate space for the account
    Program 11111111111111111111111111111111 invoke [3]
    Program 11111111111111111111111111111111 success
    Program log: Assign the account to the owning program
    Program 11111111111111111111111111111111 invoke [3]
    Program 11111111111111111111111111111111 success
    Program metaqbxxUerdq28cj1RbAWkYQm3ybzjb6a8bt518x1s consumed 41752 of 175033 compute units
    Program metaqbxxUerdq28cj1RbAWkYQm3ybzjb6a8bt518x1s success
    Program log: Token created successfully.
    Program 2iRQihnzqfcpDnJUKKxZjU6MixjcMkH462BDrC13Kyyp consumed 67271 of 200000 compute units
    Program 2iRQihnzqfcpDnJUKKxZjU6MixjcMkH462BDrC13Kyyp success
Transaction executed in slot 368012698:
  Signature: 5QsEwWbzBN7LF2gttokazPt57jUXVKmsx6TpDyGnDEXjLRfv7MdqtEkSA83yC3t7H2vCGFwKjhjzXbKUh7khcM4u
  Status: Ok
  Log Messages:
    Program 2iRQihnzqfcpDnJUKKxZjU6MixjcMkH462BDrC13Kyyp invoke [1]
    Program log: Instruction: MintToken
    Program ATokenGPvbdGVxr1b2hvZbsiqW5xWH25efTNsLJA8knL invoke [2]
    Program log: Create
    Program TokenkegQfeZyiNwAJbNbGKPFXCWuBvf9Ss623VQ5DA invoke [3]
    Program log: Instruction: GetAccountDataSize
    Program TokenkegQfeZyiNwAJbNbGKPFXCWuBvf9Ss623VQ5DA consumed 1622 of 186273 compute units
    Program return: TokenkegQfeZyiNwAJbNbGKPFXCWuBvf9Ss623VQ5DA pQAAAAAAAAA=
    Program TokenkegQfeZyiNwAJbNbGKPFXCWuBvf9Ss623VQ5DA success
    Program 11111111111111111111111111111111 invoke [3]
    Program 11111111111111111111111111111111 success
    Program log: Initialize the associated token account
    Program TokenkegQfeZyiNwAJbNbGKPFXCWuBvf9Ss623VQ5DA invoke [3]
    Program log: Instruction: InitializeImmutableOwner
    Program log: Please upgrade to SPL Token 2022 for immutable owner support
    Program TokenkegQfeZyiNwAJbNbGKPFXCWuBvf9Ss623VQ5DA consumed 1405 of 179633 compute units
    Program TokenkegQfeZyiNwAJbNbGKPFXCWuBvf9Ss623VQ5DA success
    Program TokenkegQfeZyiNwAJbNbGKPFXCWuBvf9Ss623VQ5DA invoke [3]
    Program log: Instruction: InitializeAccount3
    Program TokenkegQfeZyiNwAJbNbGKPFXCWuBvf9Ss623VQ5DA consumed 4241 of 175751 compute units
    Program TokenkegQfeZyiNwAJbNbGKPFXCWuBvf9Ss623VQ5DA success
    Program ATokenGPvbdGVxr1b2hvZbsiqW5xWH25efTNsLJA8knL consumed 20443 of 191670 compute units
    Program ATokenGPvbdGVxr1b2hvZbsiqW5xWH25efTNsLJA8knL success
    Program log: Minting tokens to associated token account...
    Program log: Mint: 82uTz9ggMDYb3jzXCzgz8Rdg7s66EVYEAgz5Yrf79Muy
    Program log: Token Address: 5ZRnN2D7EpALv5Z16Pt8JFWBnGwrDhY2QJUqgabmtdCZ
    Program TokenkegQfeZyiNwAJbNbGKPFXCWuBvf9Ss623VQ5DA invoke [2]
    Program log: Instruction: MintTo
    Program TokenkegQfeZyiNwAJbNbGKPFXCWuBvf9Ss623VQ5DA consumed 4538 of 141316 compute units
    Program TokenkegQfeZyiNwAJbNbGKPFXCWuBvf9Ss623VQ5DA success
    Program log: Token minted successfully.
    Program 2iRQihnzqfcpDnJUKKxZjU6MixjcMkH462BDrC13Kyyp consumed 63624 of 200000 compute units
    Program 2iRQihnzqfcpDnJUKKxZjU6MixjcMkH462BDrC13Kyyp success
